make all --print-data-base --no-builtin-variables --no-builtin-rules --question
make: *** No rule to make target 'mundo.c', needed by 'mundo.o'.  Stop.

# GNU Make 4.2.1
# Built for x86_64-pc-linux-gnu
# Copyright (C) 1988-2016 Free Software Foundation, Inc.
# License GPLv3+: GNU GPL version 3 or later <http://gnu.org/licenses/gpl.html>
# This is free software: you are free to change and redistribute it.
# There is NO WARRANTY, to the extent permitted by law.

# Make data base, printed on Fri Sep  2 17:02:58 2022

# Variables

# automatic
<D = $(patsubst %/,%,$(dir $<))
# environment
GEOSERVER_HOME = /usr/share/geoserver
# automatic
?F = $(notdir $?)
# environment
DESKTOP_SESSION = cinnamon
# default
.SHELLFLAGS := -c
# environment
XDG_SESSION_CLASS = user
# environment
XDG_SESSION_TYPE = x11
# environment
GTK3_MODULES = xapp-gtk3-module
# automatic
?D = $(patsubst %/,%,$(dir $?))
# automatic
@D = $(patsubst %/,%,$(dir $@))
# environment
XAUTHORITY = /home/pedro/.Xauthority
# environment
GDMSESSION = cinnamon
# default
MAKE_VERSION := 4.2.1
# makefile
CURDIR := /home/pedro/Área de Trabalho/t2t3
# makefile
SHELL = /bin/sh
# environment
GDM_LANG = pt_BR
# environment
VSCODE_NLS_CONFIG = {"locale":"pt-br","availableLanguages":{},"_languagePackSupport":true}
# environment
_ = /usr/share/code/code
# makefile (from 'makefile', line 3)
CFLAGS = -Wall -std=c90 -g  
# makefile (from 'makefile', line 9)
objects = mundo.o libconjunto.o  liblistaord.o libfila.o 
# environment
XDG_CONFIG_DIRS = /etc/xdg/xdg-cinnamon:/etc/xdg
# environment
GTK_OVERLAY_SCROLLING = 1
# makefile (from 'makefile', line 1)
MAKEFILE_LIST :=  makefile
# automatic
@F = $(notdir $@)
# environment
GIO_LAUNCHED_DESKTOP_FILE = /usr/share/applications/code.desktop
# 'override' directive
GNUMAKEFLAGS := 
# environment
MANDATORY_PATH = /usr/share/gconf/cinnamon.mandatory.path
# environment
XDG_DATA_DIRS = /usr/share/cinnamon:/usr/share/gnome:/home/pedro/.local/share/flatpak/exports/share:/var/lib/flatpak/exports/share:/usr/local/share:/usr/share
# environment
DBUS_SESSION_BUS_ADDRESS = unix:path=/run/user/1000/bus
# environment
LESSOPEN = | /usr/bin/lesspipe %s
# environment
VSCODE_CWD = /home/pedro
# environment
XDG_SESSION_PATH = /org/freedesktop/DisplayManager/Session0
# default
MAKE_HOST := x86_64-pc-linux-gnu
# environment
PATH = /home/pedro/.local/bin:/home/pedro/.local/bin:/usr/local/sbin:/usr/local/bin:/usr/sbin:/usr/bin:/sbin:/bin:/usr/games:/usr/local/games:/snap/bin
# environment
GPG_AGENT_INFO = /run/user/1000/gnupg/S.gpg-agent:0:1
# environment
SESSION_MANAGER = local/EVA-ThinkCentre-M90p:@/tmp/.ICE-unix/998,unix/EVA-ThinkCentre-M90p:/tmp/.ICE-unix/998
# environment
XDG_RUNTIME_DIR = /run/user/1000
# environment
ELECTRON_RUN_AS_NODE = 1
# makefile (from 'makefile', line 4)
LDFLAGS = -lm
# default
.FEATURES := target-specific order-only second-expansion else-if shortest-stem undefine oneshell archives jobserver output-sync check-symlink load
# environment
XDG_GREETER_DATA_DIR = /var/lib/lightdm-data/pedro
# environment
LS_COLORS = 
# environment
XDG_SESSION_DESKTOP = cinnamon
# environment
SSH_AUTH_SOCK = /run/user/1000/keyring/ssh
# environment
GIO_LAUNCHED_DESKTOP_FILE_PID = 7008
# automatic
%F = $(notdir $%)
# environment
DISPLAY = :0
# environment
PWD = /home/pedro/Área de Trabalho/t2t3
# environment
QT_QPA_PLATFORMTHEME = qt5ct
# default
.LOADED := 
# environment
XDG_SEAT = seat0
# environment
SSH_AGENT_PID = 1069
# environment
ORIGINAL_XDG_CURRENT_DESKTOP = X-Cinnamon
# environment
GTK_MODULES = gail:atk-bridge
# environment
VSCODE_AMD_ENTRYPOINT = vs/workbench/api/node/extensionHostProcess
# environment
HOME = /home/pedro
# environment
LESSCLOSE = /usr/bin/lesspipe %s %s
# environment
VSCODE_CODE_CACHE_PATH = /home/pedro/.config/Code/CachedData/784b0177c56c607789f9638da7b6bf3230d47a8c
# environment
LOGNAME = pedro
# environment
APPLICATION_INSIGHTS_NO_DIAGNOSTIC_CHANNEL = 1
# environment
VSCODE_HANDLES_UNCAUGHT_ERRORS = true
# environment
GNOME_DESKTOP_SESSION_ID = this-is-deprecated
# automatic
^D = $(patsubst %/,%,$(dir $^))
# environment
XDG_VTNR = 7
# environment
MAKELEVEL := 0
# default
MAKE = $(MAKE_COMMAND)
# default
MAKECMDGOALS := all
# environment
SHLVL = 0
# makefile (from 'makefile', line 6)
CC = gcc
# environment
XDG_SESSION_ID = c2
# environment
USER = pedro
# makefile
.DEFAULT_GOAL := all
# environment
XDG_CURRENT_DESKTOP = X-Cinnamon
# automatic
%D = $(patsubst %/,%,$(dir $%))
# default
MAKE_COMMAND := make
# default
.VARIABLES := 
# automatic
*F = $(notdir $*)
# environment
LANGUAGE = pt_BR:pt:en
# environment
XDG_SEAT_PATH = /org/freedesktop/DisplayManager/Seat0
# environment
VSCODE_IPC_HOOK = /run/user/1000/vscode-67d47394-1.71.0-main.sock
# makefile
MAKEFLAGS = pqrR
# environment
MFLAGS = -pqrR
# automatic
*D = $(patsubst %/,%,$(dir $*))
# automatic
+D = $(patsubst %/,%,$(dir $+))
# environment
GDK_BACKEND = x11
# automatic
+F = $(notdir $+)
# environment
CINNAMON_VERSION = 5.2.7
# environment
QT_ACCESSIBILITY = 1
# environment
DEFAULTS_PATH = /usr/share/gconf/cinnamon.default.path
# default
MAKEFILES := 
# automatic
<F = $(notdir $<)
# environment
LC_ALL = C
# environment
GJS_DEBUG_TOPICS = JS ERROR;JS LOG
# automatic
^F = $(notdir $^)
# default
SUFFIXES := 
# environment
CHROME_DESKTOP = code-url-handler.desktop
# default
.INCLUDE_DIRS = /usr/include /usr/local/include /usr/include
# environment
GJS_DEBUG_OUTPUT = stderr
# default
.RECIPEPREFIX := 
# environment
LANG = C
# environment
VSCODE_PID = 7008
# variable set hash-table stats:
# Load=101/1024=10%, Rehash=0, Collisions=6/126=5%

# Pattern-specific Variable Values

# No pattern-specific variable values.

# Directories

# . (device 2053, inode 4982390): 10 files, no impossibilities.

# 10 files, no impossibilities in 1 directories.

# Implicit Rules

# No implicit rules.

# Files

all: mundo.o libconjunto.o liblef.o libfila.o
#  Command line target.
#  Implicit rule search has not been done.
#  File does not exist.
#  File has not been updated.
#  recipe to execute (from 'makefile', line 12):
	$(CC) -o mundo mundo.o libconjunto.o  liblef.o libfila.o $(LDFLAGS)

# Not a target:
libfila.c:
#  Implicit rule search has not been done.
#  Modification time never checked.
#  File has not been updated.

liblef.o: liblef.c
#  Implicit rule search has not been done.
#  Modification time never checked.
#  File has not been updated.
#  recipe to execute (from 'makefile', line 18):
	$(CC) -c $(CFLAGS) liblef.c

mundo.o: mundo.c
#  Implicit rule search has not been done.
#  File does not exist.
#  File has not been updated.
#  recipe to execute (from 'makefile', line 24):
	$(CC) -c $(CFLAGS) mundo.c

libconjunto.o: libconjunto.c
#  Implicit rule search has not been done.
#  Modification time never checked.
#  File has not been updated.
#  recipe to execute (from 'makefile', line 15):
	$(CC) -c $(CFLAGS) libconjunto.c

# Not a target:
makefile:
#  Implicit rule search has been done.
#  Last modified 2022-08-18 16:39:01.498564217
#  File has been updated.
#  Successfully updated.

# Not a target:
liblef.c:
#  Implicit rule search has not been done.
#  Modification time never checked.
#  File has not been updated.

# Not a target:
mundo.c:
#  Implicit rule search has been done.
#  File does not exist.
#  File has not been updated.

# Not a target:
.DEFAULT:
#  Implicit rule search has not been done.
#  Modification time never checked.
 
#  File has not been updated.

# Not a target:
libconjunto.c:
#  Implicit rule search has not been done.
#  Modification time never checked.
#  File has not been updated.

clean:
#  Implicit rule search has not been done.
#  Modification time never checked.
#  File has not been updated.
#  recipe to execute (from 'makefile', line 27):
	rm -f $(objects) mundo

libfila.o: libfila.c
#  Implicit rule search has not been done.
#  Modification time never checked.
#  File has not been updated.
#  recipe to execute (from 'makefile', line 21):
	$(CC) -c $(CFLAGS) libfila.c

# files hash-table stats:
# Load=13/1024=1%, Rehash=0, Collisions=0/36=0%
# VPATH Search Paths

# No 'vpath' search paths.

# No general ('VPATH' variable) search path.

# strcache buffers: 1 (0) / strings = 21 / storage = 198 B / avg = 9 B
# current buf: size = 8162 B / used = 198 B / count = 21 / avg = 9 B

# strcache performance: lookups = 39 / hit rate = 46%
# hash-table stats:
# Load=21/8192=0%, Rehash=0, Collisions=1/39=3%
# Finished Make data base on Fri Sep  2 17:02:58 2022

 
